2026-01-03 20:47:30,870 - INFO - Configuration:
general:
  seed: 418
  device: auto
  threshold: 0.3
model:
  name: transformer
  variant: fine-tune
  transformer:
    dropout: 0.1
    transformer_model: distilbert-base-uncased
data:
  batch_size: 32
  preprocessing:
    max_length: 128
    tokenizer: bert-base-uncased
training:
  epochs: 15
  lr: 0.0005
  finetune_lr: 2.0e-05
  patience: 3

2026-01-03 20:51:39,164 - INFO - 
epoch 1 | train_loss: 0.2611 | validation_loss: 0.1413
2026-01-03 20:51:39,164 - INFO - Metrics:
accuracy: 0.2488020641356432
precision-micro: 0.43679858239810987
recall-micro: 0.2318181818181818
f1-micro: 0.30288756911734593
f1-macro: 0.020509193776520506
f1-samples: 0.2644673792849244
hamming-loss: 0.04481069980517087
val-loss: 0.14131361925426653

2026-01-03 20:55:56,233 - INFO - 
epoch 2 | train_loss: 0.1338 | validation_loss: 0.1248
2026-01-03 20:55:56,233 - INFO - Metrics:
accuracy: 0.2707335053446369
precision-micro: 0.515831894070236
recall-micro: 0.2808777429467085
f1-micro: 0.3637101684595089
f1-macro: 0.08035619627217641
f1-samples: 0.3075509451845611
hamming-loss: 0.041269548733610655
val-loss: 0.1248168235315996

2026-01-03 21:02:16,195 - INFO - 
epoch 3 | train_loss: 0.0914 | validation_loss: 0.0825
2026-01-03 21:02:16,195 - INFO - Metrics:
accuracy: 0.4502395871728714
precision-micro: 0.5964938567575667
recall-micro: 0.6239811912225706
f1-micro: 0.6099279914202544
f1-macro: 0.4990860659642626
f1-samples: 0.6122198234251313
hamming-loss: 0.03351587594123532
val-loss: 0.0824611622182762

2026-01-03 21:08:04,458 - INFO - 
epoch 4 | train_loss: 0.0787 | validation_loss: 0.0818
2026-01-03 21:08:04,458 - INFO - Metrics:
accuracy: 0.4441577589384445
precision-micro: 0.5875440658049353
recall-micro: 0.6269592476489029
f1-micro: 0.6066120715802246
f1-macro: 0.5138458671523124
f1-samples: 0.6092754462640197
hamming-loss: 0.03414775419935759
val-loss: 0.08176288657328662

2026-01-03 21:08:04,458 - WARNING - Metrics on Validation dataset did not improved during this epoch of training.

2026-01-03 21:13:51,505 - INFO - 
epoch 5 | train_loss: 0.0706 | validation_loss: 0.0835
2026-01-03 21:13:51,505 - INFO - Metrics:
accuracy: 0.4461850350165868
precision-micro: 0.5886262924667651
recall-micro: 0.6246081504702194
f1-micro: 0.6060836501901141
f1-macro: 0.5240678009063393
f1-samples: 0.6085417653976445
hamming-loss: 0.0340950976778474
val-loss: 0.08345208849538775

2026-01-03 21:13:51,505 - WARNING - Metrics on Validation dataset did not improved during this epoch of training.

2026-01-03 21:19:40,941 - INFO - 
epoch 6 | train_loss: 0.0615 | validation_loss: 0.0871
2026-01-03 21:19:40,941 - INFO - Metrics:
accuracy: 0.4303354220420199
precision-micro: 0.5710398166714409
recall-micro: 0.6249216300940439
f1-micro: 0.5967669510552314
f1-macro: 0.5242069759927349
f1-samples: 0.601829814122479
hamming-loss: 0.035464167237112314
val-loss: 0.08710641286828939

2026-01-03 21:19:40,941 - WARNING - Metrics on Validation dataset did not improved during this epoch of training.

2026-01-03 21:19:40,941 - INFO - Early stopping triggered.
