2025-12-23 18:12:25,327 - INFO - Configuration:
general:
  seed: 418
  device: auto
  threshold: 0.3
model:
  name: transformer
  variant: fine-tune
  transformer:
    dropout: 0.3
    transformer_model: distilbert-base-uncased
data:
  batch_size: 32
  preprocessing:
    max_length: 128
    tokenizer: bert-base-uncased
training:
  epochs: 15
  lr: 0.0005
  finetune_lr: 0.0001
  patience: 3
output_dir: outputs/

2025-12-23 18:12:30,370 - INFO - training started.
2025-12-23 18:18:33,097 - INFO - 
epoch 1 | train_loss: 0.1011 | validation_loss: 0.0872
2025-12-23 18:18:33,097 - INFO - Metrics:
accuracy: 0.43346848507187613
precision-micro: 0.5836513994910941
recall-micro: 0.5752351097178683
f1-micro: 0.5794126934006947
f1-macro: 0.4738048771136663
f1-samples: 0.5722210520772998
hamming-loss: 0.0350692433257859
val-loss: 0.08716196270988268

2025-12-23 18:24:06,827 - INFO - 
epoch 2 | train_loss: 0.0798 | validation_loss: 0.0854
2025-12-23 18:24:06,827 - INFO - Metrics:
accuracy: 0.4531883523774419
precision-micro: 0.5969355847404628
recall-micro: 0.5984326018808778
f1-micro: 0.597683155917345
f1-macro: 0.4961197387002132
f1-samples: 0.5963061450160603
hamming-loss: 0.03383181507029646
val-loss: 0.0853864449350273

2025-12-23 18:29:05,350 - INFO - 
epoch 3 | train_loss: 0.0660 | validation_loss: 0.0908
2025-12-23 18:29:05,350 - INFO - Metrics:
accuracy: 0.4279395503133063
precision-micro: 0.5557586837294333
recall-micro: 0.6194357366771159
f1-micro: 0.5858720628567192
f1-macro: 0.4966283658282738
f1-samples: 0.5961876678426623
hamming-loss: 0.03677399820967827
val-loss: 0.09084673401187449

2025-12-23 18:29:05,350 - WARNING - Metrics on Validation dataset did not improved during this epoch of training.

2025-12-23 18:34:50,890 - INFO - 
epoch 4 | train_loss: 0.0519 | validation_loss: 0.1029
2025-12-23 18:34:50,890 - INFO - Metrics:
accuracy: 0.40379653520088465
precision-micro: 0.5355276168950417
recall-micro: 0.5942006269592477
f1-micro: 0.5633405156400922
f1-macro: 0.47205712905077785
f1-samples: 0.5717155494708019
hamming-loss: 0.03868279711442262
val-loss: 0.10294960364699364

2025-12-23 18:34:50,890 - WARNING - Metrics on Validation dataset did not improved during this epoch of training.

2025-12-23 18:40:41,716 - INFO - 
epoch 5 | train_loss: 0.0400 | validation_loss: 0.1152
2025-12-23 18:40:41,716 - INFO - Metrics:
accuracy: 0.41725027644673796
precision-micro: 0.5415209790209791
recall-micro: 0.5826018808777429
f1-micro: 0.5613107822410149
f1-macro: 0.47376097801297684
f1-samples: 0.5699471679567515
hamming-loss: 0.03824179874677479
val-loss: 0.1152048267862376

2025-12-23 18:40:41,716 - WARNING - Metrics on Validation dataset did not improved during this epoch of training.

2025-12-23 18:40:41,716 - INFO - Early stopping triggered.
